#
# There is insufficient memory for the Java Runtime Environment to continue.
# Native memory allocation (mmap) failed to map 268435456 bytes for G1 virtual space
# Possible reasons:
#   The system is out of physical RAM or swap space
#   The process is running with CompressedOops enabled, and the Java Heap may be blocking the growth of the native heap
# Possible solutions:
#   Reduce memory load on the system
#   Increase physical memory or swap space
#   Check if swap backing store is full
#   Decrease Java heap size (-Xmx/-Xms)
#   Decrease number of Java threads
#   Decrease Java thread stack sizes (-Xss)
#   Set larger code cache with -XX:ReservedCodeCacheSize=
#   JVM is running with Zero Based Compressed Oops mode in which the Java heap is
#     placed in the first 32GB address space. The Java Heap base address is the
#     maximum limit for the native heap growth. Please use -XX:HeapBaseMinAddress
#     to set the Java Heap base and to place the Java Heap above 32GB virtual address.
# This output file may be truncated or incomplete.
#
#  Out of Memory Error (os_windows.cpp:3548), pid=15656, tid=9472
#
# JRE version:  (17.0.5+8) (build )
# Java VM: OpenJDK 64-Bit Server VM (17.0.5+8-LTS, mixed mode, sharing, tiered, compressed oops, compressed class ptrs, g1 gc, windows-amd64)
# No core dump will be written. Minidumps are not enabled by default on client versions of Windows
#

---------------  S U M M A R Y ------------

Command Line: -Dmaven.multiModuleProjectDirectory=D:\MISO\MetricasDeSoftware\ImageJ -Dmaven.home=C:\Program Files\JetBrains\IntelliJ IDEA Community Edition 2022.2.3\plugins\maven\lib\maven3 -Dclassworlds.conf=C:\Program Files\JetBrains\IntelliJ IDEA Community Edition 2022.2.3\plugins\maven\lib\maven3\bin\m2.conf -Dmaven.ext.class.path=C:\Program Files\JetBrains\IntelliJ IDEA Community Edition 2022.2.3\plugins\maven\lib\maven-event-listener.jar -javaagent:C:\Program Files\JetBrains\IntelliJ IDEA Community Edition 2022.2.3\lib\idea_rt.jar=61975:C:\Program Files\JetBrains\IntelliJ IDEA Community Edition 2022.2.3\bin -Dfile.encoding=UTF-8 org.codehaus.classworlds.Launcher -Didea.version=2022.2.3 compile

Host: Intel(R) Core(TM) i5-8250U CPU @ 1.60GHz, 8 cores, 15G,  Windows 11 , 64 bit Build 22000 (10.0.22000.1219)
Time: Sat Nov 19 22:28:46 2022 Hora est. Pacífico, Sudamérica elapsed time: 0.016004 seconds (0d 0h 0m 0s)

---------------  T H R E A D  ---------------

Current thread (0x000001e2b00b0fc0):  JavaThread "Unknown thread" [_thread_in_vm, id=9472, stack(0x000000d553f00000,0x000000d554000000)]

Stack: [0x000000d553f00000,0x000000d554000000]
Native frames: (J=compiled Java code, j=interpreted, Vv=VM code, C=native code)
V  [jvm.dll+0x677b2a]
V  [jvm.dll+0x832c64]
V  [jvm.dll+0x83440e]
V  [jvm.dll+0x834a73]
V  [jvm.dll+0x245035]
V  [jvm.dll+0x674a69]
V  [jvm.dll+0x66913a]
V  [jvm.dll+0x303f7b]
V  [jvm.dll+0x30b436]
V  [jvm.dll+0x35b13e]
V  [jvm.dll+0x35b36f]
V  [jvm.dll+0x2dae88]
V  [jvm.dll+0x2dbdf4]
V  [jvm.dll+0x804591]
V  [jvm.dll+0x368f31]
V  [jvm.dll+0x7e39cc]
V  [jvm.dll+0x3eb8af]
V  [jvm.dll+0x3ed3f1]
C  [jli.dll+0x526b]
C  [ucrtbase.dll+0x26c0c]
C  [KERNEL32.DLL+0x15550]
C  [ntdll.dll+0x485b]


---------------  P R O C E S S  ---------------

Threads class SMR info:
_java_thread_list=0x00007ffc16e59f18, length=0, elements={
}

Java Threads: ( => current thread )

Other Threads:
  0x000001e2b011c7f0 GCTaskThread "GC Thread#0" [stack: 0x000000d554000000,0x000000d554100000] [id=5496]
  0x000001e2b012e6e0 ConcurrentGCThread "G1 Main Marker" [stack: 0x000000d554100000,0x000000d554200000] [id=3672]
  0x000001e2b012f890 ConcurrentGCThread "G1 Conc#0" [stack: 0x000000d554200000,0x000000d554300000] [id=11020]

[error occurred during error reporting (printing all threads), id 0xc0000005, EXCEPTION_ACCESS_VIOLATION (0xc0000005) at pc=0x00007ffc1661b8c7]

VM state: not at safepoint (not fully initialized)

VM Mutex/Monitor currently owned by a thread:  ([mutex/lock_event])
[0x000001e2b00aadc0] Heap_lock - owner thread: 0x000001e2b00b0fc0

Heap address: 0x0000000701c00000, size: 4068 MB, Compressed Oops mode: Zero based, Oop shift amount: 3

CDS archive(s) mapped at: [0x0000000000000000-0x0000000000000000-0x0000000000000000), size 0, SharedBaseAddress: 0x0000000800000000, ArchiveRelocationMode: 0.
Narrow klass base: 0x0000000000000000, Narrow klass shift: 0, Narrow klass range: 0x0

GC Precious Log:
<Empty>

Heap:
 garbage-first heap   total 0K, used 0K [0x0000000701c00000, 0x0000000800000000)
  region size 2048K, 0 young (0K), 0 survivors (0K)

[error occurred during error reporting (printing heap information), id 0xc0000005, EXCEPTION_ACCESS_VIOLATION (0xc0000005) at pc=0x00007ffc16a00e09]

GC Heap History (0 events):
No events

Dll operation events (1 events):
Event: 0.009 Loaded shared library C:\Program Files\RedHat\java-17-openjdk-17.0.5.0.8-2\bin\java.dll

Deoptimization events (0 events):
No events

Classes unloaded (0 events):
No events

Classes redefined (0 events):
No events

Internal exceptions (0 events):
No events

VM Operations (0 events):
No events

Events (0 events):
No events


Dynamic libraries:
0x00007ff7ab120000 - 0x00007ff7ab183000 	C:\Program Files\RedHat\java-17-openjdk-17.0.5.0.8-2\bin\java.exe
0x00007ffca30a0000 - 0x00007ffca32a9000 	C:\WINDOWS\SYSTEM32\ntdll.dll
0x00007ffca14c0000 - 0x00007ffca157e000 	C:\WINDOWS\System32\KERNEL32.DLL
0x00007ffca06c0000 - 0x00007ffca0a3b000 	C:\WINDOWS\System32\KERNELBASE.dll
0x00007ffca0a40000 - 0x00007ffca0b51000 	C:\WINDOWS\System32\ucrtbase.dll
0x00007ffc88880000 - 0x00007ffc88897000 	C:\Program Files\RedHat\java-17-openjdk-17.0.5.0.8-2\bin\jli.dll
0x00007ffc88860000 - 0x00007ffc8887b000 	C:\Program Files\RedHat\java-17-openjdk-17.0.5.0.8-2\bin\VCRUNTIME140.dll
0x00007ffca10a0000 - 0x00007ffca124d000 	C:\WINDOWS\System32\USER32.dll
0x00007ffca0570000 - 0x00007ffca0596000 	C:\WINDOWS\System32\win32u.dll
0x00007ffc89260000 - 0x00007ffc89505000 	C:\WINDOWS\WinSxS\amd64_microsoft.windows.common-controls_6595b64144ccf1df_6.0.22000.120_none_9d947278b86cc467\COMCTL32.dll
0x00007ffca0fa0000 - 0x00007ffca0fc9000 	C:\WINDOWS\System32\GDI32.dll
0x00007ffca19b0000 - 0x00007ffca1a53000 	C:\WINDOWS\System32\msvcrt.dll
0x00007ffca0e00000 - 0x00007ffca0f18000 	C:\WINDOWS\System32\gdi32full.dll
0x00007ffca05a0000 - 0x00007ffca063d000 	C:\WINDOWS\System32\msvcp_win.dll
0x00007ffca1580000 - 0x00007ffca15b2000 	C:\WINDOWS\System32\IMM32.DLL
0x00007ffc88850000 - 0x00007ffc8885c000 	C:\Program Files\RedHat\java-17-openjdk-17.0.5.0.8-2\bin\vcruntime140_1.dll
0x00007ffc88770000 - 0x00007ffc887fd000 	C:\Program Files\RedHat\java-17-openjdk-17.0.5.0.8-2\bin\msvcp140.dll
0x00007ffc16330000 - 0x00007ffc16f8b000 	C:\Program Files\RedHat\java-17-openjdk-17.0.5.0.8-2\bin\server\jvm.dll
0x00007ffca0ff0000 - 0x00007ffca109e000 	C:\WINDOWS\System32\ADVAPI32.dll
0x00007ffca1420000 - 0x00007ffca14be000 	C:\WINDOWS\System32\sechost.dll
0x00007ffca24b0000 - 0x00007ffca25d0000 	C:\WINDOWS\System32\RPCRT4.dll
0x00007ffc8a960000 - 0x00007ffc8a969000 	C:\WINDOWS\SYSTEM32\WSOCK32.dll
0x00007ffc99160000 - 0x00007ffc99193000 	C:\WINDOWS\SYSTEM32\WINMM.dll
0x00007ffc8ed70000 - 0x00007ffc8ed7a000 	C:\WINDOWS\SYSTEM32\VERSION.dll
0x00007ffca2420000 - 0x00007ffca248f000 	C:\WINDOWS\System32\WS2_32.dll
0x00007ffc9f6a0000 - 0x00007ffc9f6b8000 	C:\WINDOWS\SYSTEM32\kernel.appcore.dll
0x00007ffc88760000 - 0x00007ffc8876a000 	C:\Program Files\RedHat\java-17-openjdk-17.0.5.0.8-2\bin\jimage.dll
0x00007ffc9e1b0000 - 0x00007ffc9e3d1000 	C:\WINDOWS\SYSTEM32\DBGHELP.DLL
0x00007ffc8a740000 - 0x00007ffc8a771000 	C:\WINDOWS\SYSTEM32\dbgcore.DLL
0x00007ffca0640000 - 0x00007ffca06bf000 	C:\WINDOWS\System32\bcryptPrimitives.dll
0x00007ffc9aff0000 - 0x00007ffc9affe000 	C:\Program Files\RedHat\java-17-openjdk-17.0.5.0.8-2\bin\instrument.dll
0x00007ffc88730000 - 0x00007ffc88755000 	C:\Program Files\RedHat\java-17-openjdk-17.0.5.0.8-2\bin\java.dll

dbghelp: loaded successfully - version: 4.0.5 - missing functions: none
symbol engine: initialized successfully - sym options: 0x614 - pdb path: .;C:\Program Files\RedHat\java-17-openjdk-17.0.5.0.8-2\bin;C:\WINDOWS\SYSTEM32;C:\WINDOWS\WinSxS\amd64_microsoft.windows.common-controls_6595b64144ccf1df_6.0.22000.120_none_9d947278b86cc467;C:\Program Files\RedHat\java-17-openjdk-17.0.5.0.8-2\bin\server

VM Arguments:
jvm_args: -Dmaven.multiModuleProjectDirectory=D:\MISO\MetricasDeSoftware\ImageJ -Dmaven.home=C:\Program Files\JetBrains\IntelliJ IDEA Community Edition 2022.2.3\plugins\maven\lib\maven3 -Dclassworlds.conf=C:\Program Files\JetBrains\IntelliJ IDEA Community Edition 2022.2.3\plugins\maven\lib\maven3\bin\m2.conf -Dmaven.ext.class.path=C:\Program Files\JetBrains\IntelliJ IDEA Community Edition 2022.2.3\plugins\maven\lib\maven-event-listener.jar -javaagent:C:\Program Files\JetBrains\IntelliJ IDEA Community Edition 2022.2.3\lib\idea_rt.jar=61975:C:\Program Files\JetBrains\IntelliJ IDEA Community Edition 2022.2.3\bin -Dfile.encoding=UTF-8 
java_command: org.codehaus.classworlds.Launcher -Didea.version=2022.2.3 compile
java_class_path (initial): C:\Program Files\JetBrains\IntelliJ IDEA Community Edition 2022.2.3\plugins\maven\lib\maven3\boot\plexus-classworlds-2.6.0.jar;C:\Program Files\JetBrains\IntelliJ IDEA Community Edition 2022.2.3\plugins\maven\lib\maven3\boot\plexus-classworlds.license
Launcher Type: SUN_STANDARD

[Global flags]
     intx CICompilerCount                          = 4                                         {product} {ergonomic}
     uint ConcGCThreads                            = 2                                         {product} {ergonomic}
     uint G1ConcRefinementThreads                  = 8                                         {product} {ergonomic}
   size_t G1HeapRegionSize                         = 2097152                                   {product} {ergonomic}
    uintx GCDrainStackTargetSize                   = 64                                        {product} {ergonomic}
   size_t InitialHeapSize                          = 268435456                                 {product} {ergonomic}
   size_t MarkStackSize                            = 4194304                                   {product} {ergonomic}
   size_t MaxHeapSize                              = 4265607168                                {product} {ergonomic}
   size_t MinHeapDeltaBytes                        = 2097152                                   {product} {ergonomic}
   size_t MinHeapSize                              = 8388608                                   {product} {ergonomic}
    uintx NonNMethodCodeHeapSize                   = 5839372                                {pd product} {ergonomic}
    uintx NonProfiledCodeHeapSize                  = 122909434                              {pd product} {ergonomic}
    uintx ProfiledCodeHeapSize                     = 122909434                              {pd product} {ergonomic}
    uintx ReservedCodeCacheSize                    = 251658240                              {pd product} {ergonomic}
     bool SegmentedCodeCache                       = true                                      {product} {ergonomic}
   size_t SoftMaxHeapSize                          = 4265607168                             {manageable} {ergonomic}
     bool UseCompressedClassPointers               = true                           {product lp64_product} {ergonomic}
     bool UseCompressedOops                        = true                           {product lp64_product} {ergonomic}
     bool UseG1GC                                  = true                                      {product} {ergonomic}
     bool UseLargePagesIndividualAllocation        = false                                  {pd product} {ergonomic}

Logging:
Log output configuration:
 #0: stdout all=warning uptime,level,tags
 #1: stderr all=off uptime,level,tags

Environment Variables:
JAVA_HOME=C:\Users\Juan Camilo\AppData\Local\Programs\Eclipse Adoptium\jdk-17.0.4.101-hotspot\
PATH=C:\Program Files (x86)\Common Files\Oracle\Java\javapath;C:\Program Files\Python39\Scripts\;C:\Program Files\Python39\;C:\Program Files (x86)\Intel\iCLS Client\;C:\Program Files\Intel\iCLS Client\;C:\Windows\system32;C:\Windows;C:\Windows\System32\Wbem;C:\Windows\System32\WindowsPowerShell\v1.0\;C:\Windows\System32\OpenSSH\;C:\Program Files (x86)\Intel\Intel(R) Management Engine Components\DAL;C:\Program Files\Intel\Intel(R) Management Engine Components\DAL;C:\Program Files (x86)\Intel\Intel(R) Management Engine Components\IPT;C:\Program Files\Intel\Intel(R) Management Engine Components\IPT;C:\Program Files (x86)\NVIDIA Corporation\PhysX\Common;C:\Program Files\Inkscape\bin;C:\Program Files\Git\cmd;C:\Program Files\PuTTY\;C:\WINDOWS\system32;C:\WINDOWS;C:\WINDOWS\System32\Wbem;C:\WINDOWS\System32\WindowsPowerShell\v1.0\;C:\WINDOWS\System32\OpenSSH\;C:\Program Files\nodejs\;C:\Program Files\RedHat\java-17-openjdk-17.0.5.0.8-2\bin;C:\Program Files\RedHat\java-17-openjdk-17.0.5.0.8-2\missioncontrol\;C:\Users\Juan Camilo\AppData\Local\Programs\Eclipse Adoptium\jdk-17.0.4.101-hotspot\bin;C:\Users\Juan Camilo\AppData\Local\Microsoft\WindowsApps;C:\Program Files\JetBrains\PyCharm 2021.3.1\bin;C:\Users\Juan Camilo\AppData\Local\GitHubDesktop\bin;C:\Program Files\JetBrains\PyCharm Community Edition 2021.3.2\bin;C:\Users\Juan Camilo\AppData\Local\Microsoft\WindowsApps;C:\Users\Juan Camilo\AppData\Roaming\npm;C:\Program Files\JetBrains\PyCharm 2022.2.3\bin;;C:\Users\Juan Camilo\AppData\Local\Programs\Microsoft VS Code\bin;C:\Program Files\JetBrains\IntelliJ IDEA Community Edition 2022.2.3\bin;
USERNAME=Juan Camilo
OS=Windows_NT
PROCESSOR_IDENTIFIER=Intel64 Family 6 Model 142 Stepping 10, GenuineIntel
TMP=C:\Users\JUANCA~1\AppData\Local\Temp
TEMP=C:\Users\JUANCA~1\AppData\Local\Temp



---------------  S Y S T E M  ---------------

OS:
 Windows 11 , 64 bit Build 22000 (10.0.22000.1219)
OS uptime: 7 days 8:19 hours
Hyper-V role detected

CPU: total 8 (initial active 8) (4 cores per cpu, 2 threads per core) family 6 model 142 stepping 10 microcode 0xe0, cx8, cmov, fxsr, ht, mmx, 3dnowpref, sse, sse2, sse3, ssse3, sse4.1, sse4.2, popcnt, lzcnt, tsc, tscinvbit, avx, avx2, aes, erms, clmul, bmi1, bmi2, adx, fma, vzeroupper, clflush, clflushopt, hv

Memory: 4k page, system-wide physical 16266M (1617M free)
TotalPageFile size 16266M (AvailPageFile size 10M)
current process WorkingSet (physical memory assigned to process): 10M, peak: 10M
current process commit charge ("private bytes"): 60M, peak: 316M

vm_info: OpenJDK 64-Bit Server VM (17.0.5+8-LTS) for windows-amd64 JRE (17.0.5+8-LTS), built on Oct 14 2022 19:54:36 by "" with MS VC++ 16.10 / 16.11 (VS2019)

END.
